<?xml version="1.0" encoding="UTF-8"?>
<project xmlns="http://maven.apache.org/POM/4.0.0" xmlns:xsi="http://www.w3.org/2001/XMLSchema-instance" xsi:schemaLocation="http://maven.apache.org/POM/4.0.0 http://maven.apache.org/maven-v4_0_0.xsd">
    
    <build>
        <plugins>
            <plugin>
                <groupId>org.jboss.shrinkwrap.descriptors</groupId>
                <artifactId>shrinkwrap-descriptors-cli-plugin</artifactId>
                <configuration>
                    <contextFile>/pathToContextFile</contextFile>
                </configuration>
                <executions>
                    <execution>
                        <goals>
                            <goal>transform</goal>
                        </goals>
                    </execution>
                </executions>
            </plugin>
        </plugins>
    </build>
    
</project>
